----------------------------------------
Timestamp: 11/9/2016 4:45:38 PM

Message: HandlingInstanceID: 6d65431f-82fb-4db7-98ea-14e41f404a93
An exception of type 'System.Web.HttpException' occurred and was caught.
------------------------------------------------------------------------
11/09/2016 10:45:38
Type : System.Web.HttpException, System.Web, Version=4.0.0.0, Culture=neutral, PublicKeyToken=b03f5f7f11d50a3a
Message : Type 'ASP._Page_ResourcePackages_Bootstrap_MVC_Views_Layouts_default_cshtml' does not inherit from 'System.Web.WebPages.WebPage'.
Source : System.Web
Help link : 
WebEventCode : 0
ErrorCode : -2147467259
Data : System.Collections.ListDictionaryInternal
TargetSite : Void CheckAssignableType(System.Type, System.Type)
HResult : -2147467259
Stack Trace :    at System.Web.UI.Util.CheckAssignableType(Type baseType, Type type)
   at System.Web.Compilation.BuildManager.CreateInstanceFromVirtualPath(VirtualPath virtualPath, Type requiredBaseType, HttpContext context, Boolean allowCrossApp)
   at System.Web.WebPages.BuildManagerWrapper.CreateInstanceOfType[T](String virtualPath)
   at System.Web.WebPages.VirtualPathFactoryExtensions.CreateInstance[T](IVirtualPathFactory factory, String virtualPath)
   at System.Web.WebPages.VirtualPathFactoryManager.CreateInstanceOfType[T](String virtualPath)
   at System.Web.WebPages.VirtualPathFactoryExtensions.CreateInstance[T](IVirtualPathFactory factory, String virtualPath)
   at System.Web.WebPages.WebPageHttpHandler.CreateFromVirtualPath(String virtualPath, IVirtualPathFactory virtualPathFactory)
   at System.Web.WebPages.WebPageRoute.DoPostResolveRequestCache(HttpContextBase context)
   at System.Web.WebPages.WebPageHttpModule.OnApplicationPostResolveRequestCache(Object sender, EventArgs e)
   at System.Web.HttpApplication.SyncEventExecutionStep.System.Web.HttpApplication.IExecutionStep.Execute()
   at System.Web.HttpApplication.ExecuteStep(IExecutionStep step, Boolean& completedSynchronously)

Additional Info:

MachineName : OPTI14-2TCPH02
TimeStamp : 11/9/2016 4:45:38 PM
FullName : Telerik.Sitefinity.Utilities, Version=9.2.6200.0, Culture=neutral, PublicKeyToken=b28c218413bdf563
AppDomainName : /LM/W3SVC/3/ROOT-1-131231833951412543
ThreadIdentity : dmenendez
WindowsIdentity : OPTI14-2TCPH02\KG-MINI
Requested URL : http://localhost:60877/ResourcePackages/Bootstrap/MVC/Views/Layouts/default.cshtml


Category: ErrorLog

Priority: 0

EventId: 90000

Severity: Error

Title:Enterprise Library Exception Handling

Machine: OPTI14-2TCPH02

App Domain: /LM/W3SVC/3/ROOT-1-131231833951412543

ProcessId: 10400

Process Name: C:\Program Files (x86)\IIS Express\iisexpress.exe

Thread Name: 

Win32 ThreadId:2484

Extended Properties: 
----------------------------------------
----------------------------------------
Timestamp: 11/9/2016 7:27:27 PM

Message: HandlingInstanceID: 1103b0d8-5155-499c-bf8d-ae1f58b84643
An exception of type 'System.Web.HttpException' occurred and was caught.
------------------------------------------------------------------------
11/09/2016 13:27:27
Type : System.Web.HttpException, System.Web, Version=4.0.0.0, Culture=neutral, PublicKeyToken=b03f5f7f11d50a3a
Message : Type 'ASP._Page_ResourcePackages_Bootstrap_MVC_Views_Layouts_PowerHourTemplate_cshtml' does not inherit from 'System.Web.WebPages.WebPage'.
Source : System.Web
Help link : 
WebEventCode : 0
ErrorCode : -2147467259
Data : System.Collections.ListDictionaryInternal
TargetSite : Void CheckAssignableType(System.Type, System.Type)
HResult : -2147467259
Stack Trace :    at System.Web.UI.Util.CheckAssignableType(Type baseType, Type type)
   at System.Web.Compilation.BuildManager.CreateInstanceFromVirtualPath(VirtualPath virtualPath, Type requiredBaseType, HttpContext context, Boolean allowCrossApp)
   at System.Web.WebPages.BuildManagerWrapper.CreateInstanceOfType[T](String virtualPath)
   at System.Web.WebPages.VirtualPathFactoryExtensions.CreateInstance[T](IVirtualPathFactory factory, String virtualPath)
   at System.Web.WebPages.VirtualPathFactoryManager.CreateInstanceOfType[T](String virtualPath)
   at System.Web.WebPages.VirtualPathFactoryExtensions.CreateInstance[T](IVirtualPathFactory factory, String virtualPath)
   at System.Web.WebPages.WebPageHttpHandler.CreateFromVirtualPath(String virtualPath, IVirtualPathFactory virtualPathFactory)
   at System.Web.WebPages.WebPageRoute.DoPostResolveRequestCache(HttpContextBase context)
   at System.Web.WebPages.WebPageHttpModule.OnApplicationPostResolveRequestCache(Object sender, EventArgs e)
   at System.Web.HttpApplication.SyncEventExecutionStep.System.Web.HttpApplication.IExecutionStep.Execute()
   at System.Web.HttpApplication.ExecuteStep(IExecutionStep step, Boolean& completedSynchronously)

Additional Info:

MachineName : OPTI14-2TCPH02
TimeStamp : 11/9/2016 7:27:27 PM
FullName : Telerik.Sitefinity.Utilities, Version=9.2.6200.0, Culture=neutral, PublicKeyToken=b28c218413bdf563
AppDomainName : /LM/W3SVC/3/ROOT-1-131231931776734682
ThreadIdentity : dmenendez
WindowsIdentity : OPTI14-2TCPH02\KG-MINI
Requested URL : http://localhost:60877/ResourcePackages/Bootstrap/MVC/Views/Layouts/PowerHourTemplate.cshtml


Category: ErrorLog

Priority: 0

EventId: 90000

Severity: Error

Title:Enterprise Library Exception Handling

Machine: OPTI14-2TCPH02

App Domain: /LM/W3SVC/3/ROOT-1-131231931776734682

ProcessId: 22248

Process Name: C:\Program Files (x86)\IIS Express\iisexpress.exe

Thread Name: 

Win32 ThreadId:19876

Extended Properties: 
----------------------------------------
----------------------------------------
Timestamp: 09/11/2016 19:45:30

Message: HandlingInstanceID: ec668aab-1532-4c87-8c00-da56c776af1a
An exception of type 'System.Web.HttpException' occurred and was caught.
------------------------------------------------------------------------
11/09/2016 13:45:30
Type : System.Web.HttpException, System.Web, Version=4.0.0.0, Culture=neutral, PublicKeyToken=b03f5f7f11d50a3a
Message : Not found
Source : Telerik.Sitefinity.Frontend
Help link : 
WebEventCode : 0
ErrorCode : -2147467259
Data : System.Collections.ListDictionaryInternal
TargetSite : Void ProcessRequest(System.Web.HttpContext)
HResult : -2147467259
Stack Trace :    at Telerik.Sitefinity.Frontend.Resources.ResourceHttpHandler.ProcessRequest(HttpContext context)
   at System.Web.HttpApplication.CallHandlerExecutionStep.System.Web.HttpApplication.IExecutionStep.Execute()
   at System.Web.HttpApplication.ExecuteStep(IExecutionStep step, Boolean& completedSynchronously)

Additional Info:

MachineName : OPTI14-2TCPH02
TimeStamp : 09/11/2016 19:45:30
FullName : Telerik.Sitefinity.Utilities, Version=9.2.6200.0, Culture=neutral, PublicKeyToken=b28c218413bdf563
AppDomainName : /LM/W3SVC/3/ROOT-1-131231931776734682
ThreadIdentity : dmenendez
WindowsIdentity : OPTI14-2TCPH02\KG-MINI
Requested URL : http://localhost:60877/Frontend-Assembly/Telerik.Sitefinity.Frontend/Mvc/Scripts/Angular/angular-sanitize.min.js.map


Category: ErrorLog

Priority: 0

EventId: 90000

Severity: Error

Title:Enterprise Library Exception Handling

Machine: OPTI14-2TCPH02

App Domain: /LM/W3SVC/3/ROOT-1-131231931776734682

ProcessId: 22248

Process Name: C:\Program Files (x86)\IIS Express\iisexpress.exe

Thread Name: 

Win32 ThreadId:20492

Extended Properties: 
----------------------------------------
----------------------------------------
Timestamp: 09/11/2016 20:00:49

Message: HandlingInstanceID: edbfeb61-186b-4452-b051-3aed30315a60
An exception of type 'Telerik.Sitefinity.Modules.Pages.Web.Services.ContentLockedException' occurred and was caught.
--------------------------------------------------------------------------------------------------------------------
11/09/2016 14:00:49
Type : Telerik.Sitefinity.Modules.Pages.Web.Services.ContentLockedException, Telerik.Sitefinity, Version=9.2.6200.0, Culture=neutral, PublicKeyToken=b28c218413bdf563
Message : Deleted: 00000000-0000-0000-0000-000000000000:UpdateControlState
Source : Telerik.Sitefinity
Help link : 
StatusCode : InternalServerError
StatusDescription : Deleted: 00000000-0000-0000-0000-000000000000:UpdateControlState
IsDetailXhtml : False
Data : System.Collections.ListDictionaryInternal
TargetSite : Void ThrowExceptionIfLocked(Telerik.Sitefinity.Web.UI.ZoneEditorWebServiceArgs, System.String)
HResult : -2146233087
detailWriterInstance : Telerik.Sitefinity.Utilities.MS.ServiceModel.Web.WebProtocolException+DataContractDetailWriter
Stack Trace :    at Telerik.Sitefinity.Modules.Pages.Web.Services.ZoneEditorValidationExtensions.ThrowExceptionIfLocked(ZoneEditorWebServiceArgs state, String operationName)
   at Telerik.Sitefinity.Modules.Pages.Web.Services.ZoneEditorOperationValidationAttribute.BeforeCall(String operationName, Object[] inputs)
   at System.ServiceModel.Dispatcher.DispatchOperationRuntime.InspectInputsCore(MessageRpc& rpc)
   at System.ServiceModel.Dispatcher.DispatchOperationRuntime.InvokeBegin(MessageRpc& rpc)
   at System.ServiceModel.Dispatcher.ImmutableDispatchRuntime.ProcessMessage5(MessageRpc& rpc)
   at System.ServiceModel.Dispatcher.ImmutableDispatchRuntime.ProcessMessage41(MessageRpc& rpc)
   at System.ServiceModel.Dispatcher.ImmutableDispatchRuntime.ProcessMessage4(MessageRpc& rpc)
   at System.ServiceModel.Dispatcher.ImmutableDispatchRuntime.ProcessMessage31(MessageRpc& rpc)
   at System.ServiceModel.Dispatcher.ImmutableDispatchRuntime.ProcessMessage3(MessageRpc& rpc)
   at System.ServiceModel.Dispatcher.ImmutableDispatchRuntime.ProcessMessage2(MessageRpc& rpc)
   at System.ServiceModel.Dispatcher.ImmutableDispatchRuntime.ProcessMessage11(MessageRpc& rpc)
   at System.ServiceModel.Dispatcher.ImmutableDispatchRuntime.ProcessMessage1(MessageRpc& rpc)
   at System.ServiceModel.Dispatcher.MessageRpc.Process(Boolean isOperationContextSet)

Additional Info:

MachineName : OPTI14-2TCPH02
TimeStamp : 09/11/2016 20:00:49
FullName : Telerik.Sitefinity.Utilities, Version=9.2.6200.0, Culture=neutral, PublicKeyToken=b28c218413bdf563
AppDomainName : /LM/W3SVC/3/ROOT-1-131231948419616195
ThreadIdentity : 
WindowsIdentity : OPTI14-2TCPH02\KG-MINI
Requested URL : http://localhost:60877/Sitefinity/Services/Pages/ZoneEditorService.svc/Control/?package=Bootstrap


Category: ErrorLog

Priority: 0

EventId: 90000

Severity: Error

Title:Enterprise Library Exception Handling

Machine: OPTI14-2TCPH02

App Domain: /LM/W3SVC/3/ROOT-1-131231948419616195

ProcessId: 8184

Process Name: C:\Program Files (x86)\IIS Express\iisexpress.exe

Thread Name: 

Win32 ThreadId:21432

Extended Properties: 
----------------------------------------
----------------------------------------
Timestamp: 09/11/2016 20:00:55

Message: HandlingInstanceID: efc15eeb-7072-4cee-9f74-f9105e2e4374
An exception of type 'Telerik.Sitefinity.Modules.Pages.Web.Services.ContentLockedException' occurred and was caught.
--------------------------------------------------------------------------------------------------------------------
11/09/2016 14:00:55
Type : Telerik.Sitefinity.Modules.Pages.Web.Services.ContentLockedException, Telerik.Sitefinity, Version=9.2.6200.0, Culture=neutral, PublicKeyToken=b28c218413bdf563
Message : Deleted: 00000000-0000-0000-0000-000000000000:DiscardTemplateDraft
Source : Telerik.Sitefinity
Help link : 
StatusCode : InternalServerError
StatusDescription : Deleted: 00000000-0000-0000-0000-000000000000:DiscardTemplateDraft
IsDetailXhtml : False
Data : System.Collections.ListDictionaryInternal
TargetSite : Void ThrowExceptionIfLocked(System.Guid, Telerik.Sitefinity.Modules.Pages.DesignMediaType, System.String, Boolean)
HResult : -2146233087
detailWriterInstance : Telerik.Sitefinity.Utilities.MS.ServiceModel.Web.WebProtocolException+DataContractDetailWriter
Stack Trace :    at Telerik.Sitefinity.Modules.Pages.Web.Services.ZoneEditorValidationExtensions.ThrowExceptionIfLocked(Guid pageId, DesignMediaType mediaType, String operationName, Boolean checkLive)
   at Telerik.Sitefinity.Modules.Pages.Web.Services.ZoneEditorOperationValidationAttribute.BeforeCall(String operationName, Object[] inputs)
   at System.ServiceModel.Dispatcher.DispatchOperationRuntime.InspectInputsCore(MessageRpc& rpc)
   at System.ServiceModel.Dispatcher.DispatchOperationRuntime.InvokeBegin(MessageRpc& rpc)
   at System.ServiceModel.Dispatcher.ImmutableDispatchRuntime.ProcessMessage5(MessageRpc& rpc)
   at System.ServiceModel.Dispatcher.ImmutableDispatchRuntime.ProcessMessage41(MessageRpc& rpc)
   at System.ServiceModel.Dispatcher.ImmutableDispatchRuntime.ProcessMessage4(MessageRpc& rpc)
   at System.ServiceModel.Dispatcher.ImmutableDispatchRuntime.ProcessMessage31(MessageRpc& rpc)
   at System.ServiceModel.Dispatcher.ImmutableDispatchRuntime.ProcessMessage3(MessageRpc& rpc)
   at System.ServiceModel.Dispatcher.ImmutableDispatchRuntime.ProcessMessage2(MessageRpc& rpc)
   at System.ServiceModel.Dispatcher.ImmutableDispatchRuntime.ProcessMessage11(MessageRpc& rpc)
   at System.ServiceModel.Dispatcher.ImmutableDispatchRuntime.ProcessMessage1(MessageRpc& rpc)
   at System.ServiceModel.Dispatcher.MessageRpc.Process(Boolean isOperationContextSet)

Additional Info:

MachineName : OPTI14-2TCPH02
TimeStamp : 09/11/2016 20:00:55
FullName : Telerik.Sitefinity.Utilities, Version=9.2.6200.0, Culture=neutral, PublicKeyToken=b28c218413bdf563
AppDomainName : /LM/W3SVC/3/ROOT-1-131231948419616195
ThreadIdentity : 
WindowsIdentity : OPTI14-2TCPH02\KG-MINI
Requested URL : http://localhost:60877/Sitefinity/Services/Pages/ZoneEditorService.svc/Template/ed820ac0-1bc4-6520-89d4-ff00008b5e38/?package=Bootstrap


Category: ErrorLog

Priority: 0

EventId: 90000

Severity: Error

Title:Enterprise Library Exception Handling

Machine: OPTI14-2TCPH02

App Domain: /LM/W3SVC/3/ROOT-1-131231948419616195

ProcessId: 8184

Process Name: C:\Program Files (x86)\IIS Express\iisexpress.exe

Thread Name: 

Win32 ThreadId:2424

Extended Properties: 
----------------------------------------
----------------------------------------
Timestamp: 9/11/2016 9:48:02 p. m.

Message: HandlingInstanceID: b4f7674a-d3a2-43e8-a622-4864c44f59a2
An exception of type 'System.InvalidOperationException' occurred and was caught.
--------------------------------------------------------------------------------
11/09/2016 15:48:02
Type : System.InvalidOperationException, mscorlib, Version=4.0.0.0, Culture=neutral, PublicKeyToken=b77a5c561934e089
Message : Collection was modified; enumeration operation may not execute.
Source : mscorlib
Help link : 
Data : System.Collections.ListDictionaryInternal
TargetSite : Void ThrowInvalidOperationException(System.ExceptionResource)
HResult : -2146233079
Stack Trace :    at System.ThrowHelper.ThrowInvalidOperationException(ExceptionResource resource)
   at System.Collections.Generic.Dictionary`2.KeyCollection.Enumerator.MoveNext()
   at Telerik.Microsoft.Practices.Unity.UnityContainer.FillTypeRegistrationDictionary(IDictionary`2 typeRegistrations)
   at Telerik.Microsoft.Practices.Unity.UnityContainer.get_Registrations()
   at Telerik.Microsoft.Practices.Unity.UnityContainerExtensions.IsRegistered(IUnityContainer container, Type typeToCheck, String nameToCheck)
   at Telerik.Microsoft.Practices.Unity.UnityContainerExtensions.IsRegistered(IUnityContainer container, Type typeToCheck)
   at Telerik.Sitefinity.Data.ManagerBase`1.ResolveProvider(Type type)
   at Telerik.Sitefinity.Data.ManagerBase`1.InstantiateProvider(IDataProviderSettings providerSettings, Type providerType, ExceptionPolicyName policy, Type managerType)

Additional Info:

MachineName : OPTI14-2TCPH02
TimeStamp : 9/11/2016 9:48:02 p. m.
FullName : Telerik.Sitefinity.Utilities, Version=9.2.6200.0, Culture=neutral, PublicKeyToken=b28c218413bdf563
AppDomainName : /LM/W3SVC/3/ROOT-1-131232012713888305
ThreadIdentity : dmenendez
WindowsIdentity : OPTI14-2TCPH02\KG-MINI


Category: ErrorLog

Priority: 0

EventId: 9010

Severity: Warning

Title:Enterprise Library Exception Handling

Machine: OPTI14-2TCPH02

App Domain: /LM/W3SVC/3/ROOT-1-131232012713888305

ProcessId: 2012

Process Name: C:\Program Files (x86)\IIS Express\iisexpress.exe

Thread Name: 

Win32 ThreadId:15840

Extended Properties: 
----------------------------------------
----------------------------------------
Timestamp: 09/11/2016 21:56:00

Message: HandlingInstanceID: b15ca690-29e5-46ac-a90a-60a0f9203090
An exception of type 'System.Web.HttpException' occurred and was caught.
------------------------------------------------------------------------
11/09/2016 15:56:00
Type : System.Web.HttpException, System.Web, Version=4.0.0.0, Culture=neutral, PublicKeyToken=b03f5f7f11d50a3a
Message : Not found
Source : Telerik.Sitefinity.Frontend
Help link : 
WebEventCode : 0
ErrorCode : -2147467259
Data : System.Collections.ListDictionaryInternal
TargetSite : Void ProcessRequest(System.Web.HttpContext)
HResult : -2147467259
Stack Trace :    at Telerik.Sitefinity.Frontend.Resources.ResourceHttpHandler.ProcessRequest(HttpContext context)
   at System.Web.HttpApplication.CallHandlerExecutionStep.System.Web.HttpApplication.IExecutionStep.Execute()
   at System.Web.HttpApplication.ExecuteStep(IExecutionStep step, Boolean& completedSynchronously)

Additional Info:

MachineName : OPTI14-2TCPH02
TimeStamp : 09/11/2016 21:56:00
FullName : Telerik.Sitefinity.Utilities, Version=9.2.6200.0, Culture=neutral, PublicKeyToken=b28c218413bdf563
AppDomainName : /LM/W3SVC/3/ROOT-1-131232019641273845
ThreadIdentity : dmenendez
WindowsIdentity : OPTI14-2TCPH02\KG-MINI
Requested URL : http://localhost:60877/Frontend-Assembly/Telerik.Sitefinity.Frontend/Mvc/Scripts/Angular/angular-sanitize.min.js.map


Category: ErrorLog

Priority: 0

EventId: 90000

Severity: Error

Title:Enterprise Library Exception Handling

Machine: OPTI14-2TCPH02

App Domain: /LM/W3SVC/3/ROOT-1-131232019641273845

ProcessId: 18728

Process Name: C:\Program Files (x86)\IIS Express\iisexpress.exe

Thread Name: 

Win32 ThreadId:13252

Extended Properties: 
----------------------------------------
